<?xml version="1.0" encoding="UTF-8"?>
<!-- Generated by org.testng.reporters.JUnitReportReporter -->
<testsuite skipped="0" hostname="LAPTOP-BECDOB0U" name="com.employeeAPI.testcases.TC001_GET_All_Employees" tests="6" failures="0" timestamp="23 Jul 2020 15:30:53 GMT" time="0.033" errors="0">
  <testcase name="checkResponseBody" time="0.021" classname="com.employeeAPI.testcases.TC001_GET_All_Employees"/>
  <testcase name="checkContentType" time="0.006" classname="com.employeeAPI.testcases.TC001_GET_All_Employees"/>
  <testcase name="checkContentencoding" time="0.002" classname="com.employeeAPI.testcases.TC001_GET_All_Employees"/>
  <testcase name="checkStatusCode" time="0.002" classname="com.employeeAPI.testcases.TC001_GET_All_Employees"/>
  <testcase name="checkResponseTime" time="0.001" classname="com.employeeAPI.testcases.TC001_GET_All_Employees"/>
  <testcase name="checkStatusLine" time="0.001" classname="com.employeeAPI.testcases.TC001_GET_All_Employees"/>
</testsuite> <!-- com.employeeAPI.testcases.TC001_GET_All_Employees -->
